<?xml version="1.0" encoding="UTF-8"?>
<!-- Generated by org.testng.reporters.JUnitReportReporter -->
<testsuite hostname="DESKTOP-FMKQHNF" failures="0" tests="1" name="jenkinspractice.Test1Test" time="0.010" errors="0" timestamp="2022-09-23T15:38:41 IST" skipped="0">
  <testcase classname="jenkinspractice.Test1Test" name="main" time="0.010"/>
  <system-out/>
</testsuite> <!-- jenkinspractice.Test1Test -->
