<?xml version="1.0" encoding="UTF-8"?>
<!-- Generated by org.testng.reporters.JUnitReportReporter -->
<testsuite hostname="DESKTOP-FMKQHNF" failures="0" tests="1" name="jenkinspractice.JenkinsPracticeTest" time="0.012" errors="0" timestamp="2022-09-23T16:16:18 IST" skipped="0">
  <testcase classname="jenkinspractice.JenkinsPracticeTest" name="Test1Test" time="0.012"/>
  <system-out/>
</testsuite> <!-- jenkinspractice.JenkinsPracticeTest -->
