<?xml version="1.0" encoding="UTF-8"?>
<!-- Generated by org.testng.reporters.JUnitReportReporter -->
<testsuite hostname="DESKTOP-FMKQHNF" failures="0" tests="1" name="jenkinspractice.JenkinsPractice2" time="0.017" errors="0" timestamp="2022-09-23T16:15:23 IST" skipped="0">
  <testcase classname="jenkinspractice.JenkinsPractice2" name="Test2Test" time="0.017"/>
  <system-out/>
</testsuite> <!-- jenkinspractice.JenkinsPractice2 -->
